<?xml version="1.0" encoding="UTF-8"?>
<!-- Generated by org.testng.reporters.JUnitXMLReporter -->
<testsuite ignored="0" hostname="FFE-Khushi-Dinesh-Gupta" failures="0" tests="1" name="Test-Runner-Firefox" time="0.009" errors="0" timestamp="2025-08-20T12:39:18 IST">
  <testcase classname="practice.CrossBrowserExecution" name="sample1" time="0.001">
    <skipped/>
  </testcase> <!-- sample1 -->
</testsuite> <!-- Test-Runner-Firefox -->
