<?xml version="1.0" encoding="UTF-8"?>
<!-- Generated by org.testng.reporters.JUnitReportReporter -->
<testsuite hostname="FFE-Khushi-Dinesh-Gupta" failures="0" tests="2" name="practice.RegionalRegressionTest" time="0.012" errors="0" timestamp="2025-08-20T11:13:02 IST" skipped="0">
  <testcase classname="practice.RegionalRegressionTest" name="test1" time="0.010"/>
  <testcase classname="practice.RegionalRegressionTest" name="test3" time="0.002"/>
</testsuite> <!-- practice.RegionalRegressionTest -->
