<?xml version="1.0" encoding="UTF-8"?>
<!-- Generated by org.testng.reporters.JUnitReportReporter -->
<testsuite hostname="FFE-Khushi-Dinesh-Gupta" failures="0" tests="1" name="practice.testNGPrac" time="0.011" errors="0" timestamp="2025-08-20T10:59:52 IST" skipped="0">
  <testcase classname="practice.testNGPrac" name="sampleTest" time="0.011"/>
</testsuite> <!-- practice.testNGPrac -->
