<?xml version="1.0" encoding="UTF-8"?>
<!-- Generated by org.testng.reporters.JUnitReportReporter -->
<testsuite hostname="FFE-Khushi-Dinesh-Gupta" failures="0" tests="3" name="practice.DistributedTest1" time="0.014" errors="0" timestamp="2025-08-20T11:45:01 IST" skipped="0">
  <testcase classname="practice.DistributedTest1" name="sample1" time="0.002"/>
  <testcase classname="practice.DistributedTest1" name="sample2" time="0.001"/>
  <testcase classname="practice.DistributedTest1" name="sample" time="0.011"/>
</testsuite> <!-- practice.DistributedTest1 -->
