<?xml version="1.0" encoding="UTF-8"?>
<!-- Generated by org.testng.reporters.JUnitReportReporter -->
<testsuite hostname="FFE-Khushi-Dinesh-Gupta" failures="0" tests="1" name="practice.ToReadDataFromCmdLine" time="0.016" errors="0" timestamp="2025-08-22T12:46:42 IST" skipped="0">
  <testcase classname="practice.ToReadDataFromCmdLine" name="readData" time="0.016"/>
</testsuite> <!-- practice.ToReadDataFromCmdLine -->
